Executing tasks: [:app:clean, :app:assembleDebug, :app:assembleDebugUnitTest, :app:assembleDebugAndroidTest] in project C:\MMDC\MDA\Development Phases\Sprint_2


> Configure project :app
AGPBI: {"kind":"warning","text":"The option setting 'android.usesSdkInManifest.disallowed=false' is deprecated.\nThe current default is 'true'.\nIt will be removed in version 10.0 of the Android Gradle plugin.","sources":[{}]}
AGPBI: {"kind":"warning","text":"The option setting 'android.sdk.defaultTargetSdkToCompileSdkIfUnset=false' is deprecated.\nThe current default is 'true'.\nIt will be removed in version 10.0 of the Android Gradle plugin.","sources":[{}]}
AGPBI: {"kind":"warning","text":"The option setting 'android.enableAppCompileTimeRClass=false' is deprecated.\nThe current default is 'true'.\nIt will be removed in version 10.0 of the Android Gradle plugin.","sources":[{}]}
AGPBI: {"kind":"warning","text":"The option setting 'android.builtInKotlin=false' is deprecated.\nThe current default is 'true'.\nIt will be removed in version 10.0 of the Android Gradle plugin.","sources":[{}]}
AGPBI: {"kind":"warning","text":"The option setting 'android.newDsl=false' is deprecated.\nThe current default is 'true'.\nIt will be removed in version 10.0 of the Android Gradle plugin.","sources":[{}]}
AGPBI: {"kind":"warning","text":"The option setting 'android.r8.optimizedResourceShrinking=false' is deprecated.\nThe current default is 'true'.\nIt will be removed in version 10.0 of the Android Gradle plugin.","sources":[{}]}
AGPBI: {"kind":"warning","text":"The option setting 'android.defaults.buildfeatures.resvalues=true' is deprecated.\nThe current default is 'false'.\nIt will be removed in version 10.0 of the Android Gradle plugin.","sources":[{}]}
AGPBI: {"kind":"warning","text":"The property android.dependency.excludeLibraryComponentsFromConstraints improves project import performance for very large projects. It should be enabled to improve performance.\nTo suppress this warning, add android.generateSyncIssueWhenLibraryConstraintsAreEnabled=false to gradle.properties","sources":[{}]}
AGPBI: {"kind":"warning","text":"The property android.dependency.excludeLibraryComponentsFromConstraints improves project import performance for very large projects. It should be enabled to improve performance.\nTo suppress this warning, add android.generateSyncIssueWhenLibraryConstraintsAreEnabled=false to gradle.properties","sources":[{}]}
AGPBI: {"kind":"warning","text":"The property android.dependency.excludeLibraryComponentsFromConstraints improves project import performance for very large projects. It should be enabled to improve performance.\nTo suppress this warning, add android.generateSyncIssueWhenLibraryConstraintsAreEnabled=false to gradle.properties","sources":[{}]}
AGPBI: {"kind":"warning","text":"The property android.dependency.excludeLibraryComponentsFromConstraints improves project import performance for very large projects. It should be enabled to improve performance.\nTo suppress this warning, add android.generateSyncIssueWhenLibraryConstraintsAreEnabled=false to gradle.properties","sources":[{}]}

> Task :app:clean
> Task :app:preBuild UP-TO-DATE
> Task :app:preDebugBuild UP-TO-DATE
> Task :app:mergeDebugNativeDebugMetadata NO-SOURCE
> Task :app:checkKotlinGradlePluginConfigurationErrors SKIPPED
> Task :app:dataBindingMergeDependencyArtifactsDebug
> Task :app:generateDebugResValues
> Task :app:generateDebugResources
> Task :app:mergeDebugResources
> Task :app:packageDebugResources
> Task :app:processDebugNavigationResources
> Task :app:checkDebugAarMetadata
> Task :app:compileDebugNavigationResources
> Task :app:mapDebugSourceSetPaths
> Task :app:createDebugCompatibleScreenManifests
> Task :app:extractDeepLinksDebug
> Task :app:parseDebugLocalResources
> Task :app:processDebugMainManifest
> Task :app:dataBindingGenBaseClassesDebug
> Task :app:processDebugManifest
> Task :app:generateDebugAssets UP-TO-DATE
> Task :app:javaPreCompileDebug
> Task :app:mergeDebugAssets
> Task :app:processDebugManifestForPackage
> Task :app:compressDebugAssets
> Task :app:desugarDebugFileDependencies
> Task :app:mergeDebugJniLibFolders
> Task :app:checkDebugDuplicateClasses
> Task :app:mergeDebugNativeLibs NO-SOURCE
> Task :app:stripDebugDebugSymbols NO-SOURCE
> Task :app:validateSigningDebug
> Task :app:writeDebugAppMetadata
> Task :app:mergeLibDexDebug
> Task :app:writeDebugSigningConfigVersions
> Task :app:preDebugUnitTestBuild UP-TO-DATE
> Task :app:preDebugAndroidTestBuild SKIPPED
> Task :app:javaPreCompileDebugUnitTest
> Task :app:dataBindingMergeDependencyArtifactsDebugAndroidTest
> Task :app:generateDebugAndroidTestResValues
> Task :app:generateDebugAndroidTestResources
> Task :app:checkDebugAndroidTestAarMetadata
> Task :app:mergeDebugAndroidTestResources
> Task :app:processDebugAndroidTestNavigationResources
> Task :app:dataBindingGenBaseClassesDebugAndroidTest
> Task :app:compileDebugAndroidTestNavigationResources
> Task :app:mapDebugAndroidTestSourceSetPaths
> Task :app:processDebugAndroidTestManifest
> Task :app:generateDebugAndroidTestAssets UP-TO-DATE
> Task :app:javaPreCompileDebugAndroidTest
> Task :app:mergeDebugAndroidTestAssets
> Task :app:compressDebugAndroidTestAssets
> Task :app:desugarDebugAndroidTestFileDependencies
> Task :app:checkDebugAndroidTestDuplicateClasses
> Task :app:mergeDebugAndroidTestJniLibFolders
> Task :app:mergeDebugAndroidTestNativeLibs NO-SOURCE
> Task :app:stripDebugAndroidTestDebugSymbols NO-SOURCE
> Task :app:validateSigningDebugAndroidTest
> Task :app:writeDebugAndroidTestSigningConfigVersions
> Task :app:mergeLibDexDebugAndroidTest
> Task :app:mergeExtDexDebugAndroidTest
> Task :app:processDebugAndroidTestResources
> Task :app:processDebugResources
> Task :app:mergeExtDexDebug

> Task :app:compileDebugKotlin FAILED
e: file:///C:/MMDC/MDA/Development%20Phases/Sprint_2/app/src/main/java/com/jrkg/jrkgbites/MainActivity2.kt:15:24 Unresolved reference 'R'.
e: file:///C:/MMDC/MDA/Development%20Phases/Sprint_2/app/src/main/java/com/jrkg/jrkgbites/MainActivity2.kt:30:71 Unresolved reference 'R'.
e: file:///C:/MMDC/MDA/Development%20Phases/Sprint_2/app/src/main/java/com/jrkg/jrkgbites/MainActivity2.kt:32:32 Unresolved reference 'R'.
e: file:///C:/MMDC/MDA/Development%20Phases/Sprint_2/app/src/main/java/com/jrkg/jrkgbites/MainActivity2.kt:36:71 Unresolved reference 'R'.
e: file:///C:/MMDC/MDA/Development%20Phases/Sprint_2/app/src/main/java/com/jrkg/jrkgbites/MainActivity2.kt:39:71 Unresolved reference 'R'.
e: file:///C:/MMDC/MDA/Development%20Phases/Sprint_2/app/src/main/java/com/jrkg/jrkgbites/MainActivity2.kt:40:30 Unresolved reference 'setupWithNavController'.

FAILURE: Build failed with an exception.

* What went wrong:
Execution failed for task ':app:compileDebugKotlin'.
> A failure occurred while executing org.jetbrains.kotlin.compilerRunner.GradleCompilerRunnerWithWorkers$GradleKotlinCompilerWorkAction
   > Compilation error. See log for more details

* Try:
> Run with --stacktrace option to get the stack trace.
> Run with --info or --debug option to get more log output.
> Run with --scan to generate a Build Scan (Powered by Develocity).
> Get more help at https://help.gradle.org.

BUILD FAILED in 3s
52 actionable tasks: 52 executed